[   269.809] (--) Log file renamed from "/home/synerzip/.local/share/xorg/Xorg.pid-1309.log" to "/home/synerzip/.local/share/xorg/Xorg.0.log"
[   269.810] 
X.Org X Server 1.19.6
Release Date: 2017-12-20
[   269.810] X Protocol Version 11, Revision 0
[   269.810] Build Operating System: Linux 4.4.0-138-generic x86_64 Ubuntu
[   269.810] Current Operating System: Linux ULTP-684 4.15.0-46-generic #49-Ubuntu SMP Wed Feb 6 09:33:07 UTC 2019 x86_64
[   269.810] Kernel command line: BOOT_IMAGE=/boot/vmlinuz-4.15.0-46-generic root=UUID=0ba4e327-97dd-42cd-9b50-2d99adeb161f ro quiet splash vt.handoff=1
[   269.810] Build Date: 25 October 2018  04:11:27PM
[   269.810] xorg-server 2:1.19.6-1ubuntu4.2 (For technical support please see http://www.ubuntu.com/support) 
[   269.810] Current version of pixman: 0.34.0
[   269.810] 	Before reporting problems, check http://wiki.x.org
	to make sure that you have the latest version.
[   269.810] Markers: (--) probed, (**) from config file, (==) default setting,
	(++) from command line, (!!) notice, (II) informational,
	(WW) warning, (EE) error, (NI) not implemented, (??) unknown.
[   269.811] (==) Log file: "/home/synerzip/.local/share/xorg/Xorg.0.log", Time: Tue May 14 10:21:12 2019
[   269.837] (==) Using system config directory "/usr/share/X11/xorg.conf.d"
[   269.863] (==) No Layout section.  Using the first Screen section.
[   269.863] (==) No screen section available. Using defaults.
[   269.863] (**) |-->Screen "Default Screen Section" (0)
[   269.863] (**) |   |-->Monitor "<default monitor>"
[   269.866] (==) No monitor specified for screen "Default Screen Section".
	Using a default monitor configuration.
[   269.866] (==) Automatically adding devices
[   269.866] (==) Automatically enabling devices
[   269.866] (==) Automatically adding GPU devices
[   269.866] (==) Automatically binding GPU devices
[   269.866] (==) Max clients allowed: 256, resource mask: 0x1fffff
[   269.866] (WW) The directory "/usr/share/fonts/X11/cyrillic" does not exist.
[   269.866] 	Entry deleted from font path.
[   269.866] (WW) The directory "/usr/share/fonts/X11/100dpi/" does not exist.
[   269.866] 	Entry deleted from font path.
[   269.866] (WW) The directory "/usr/share/fonts/X11/75dpi/" does not exist.
[   269.866] 	Entry deleted from font path.
[   269.867] (WW) The directory "/usr/share/fonts/X11/100dpi" does not exist.
[   269.867] 	Entry deleted from font path.
[   269.867] (WW) The directory "/usr/share/fonts/X11/75dpi" does not exist.
[   269.867] 	Entry deleted from font path.
[   269.867] (==) FontPath set to:
	/usr/share/fonts/X11/misc,
	/usr/share/fonts/X11/Type1,
	built-ins
[   269.867] (==) ModulePath set to "/usr/lib/xorg/modules"
[   269.867] (II) The server relies on udev to provide the list of input devices.
	If no devices become available, reconfigure udev or disable AutoAddDevices.
[   269.870] (II) Loader magic: 0x5584843d9020
[   269.870] (II) Module ABI versions:
[   269.870] 	X.Org ANSI C Emulation: 0.4
[   269.870] 	X.Org Video Driver: 23.0
[   269.870] 	X.Org XInput driver : 24.1
[   269.870] 	X.Org Server Extension : 10.0
[   269.874] (++) using VT number 2

[   269.888] (II) systemd-logind: took control of session /org/freedesktop/login1/session/_32
[   269.891] (II) xfree86: Adding drm device (/dev/dri/card0)
[   269.893] (II) systemd-logind: got fd for /dev/dri/card0 226:0 fd 12 paused 0
[   269.903] (--) PCI:*(0:0:2:0) 8086:1916:1028:06df rev 7, Mem @ 0xe0000000/16777216, 0xd0000000/268435456, I/O @ 0x0000f000/64, BIOS @ 0x????????/131072
[   269.903] (II) LoadModule: "glx"
[   270.094] (II) Loading /usr/lib/xorg/modules/extensions/libglx.so
[   270.156] (II) Module glx: vendor="X.Org Foundation"
[   270.156] 	compiled for 1.19.6, module version = 1.0.0
[   270.156] 	ABI class: X.Org Server Extension, version 10.0
[   270.156] (==) Matched modesetting as autoconfigured driver 0
[   270.156] (==) Matched fbdev as autoconfigured driver 1
[   270.156] (==) Matched vesa as autoconfigured driver 2
[   270.156] (==) Assigned the driver to the xf86ConfigLayout
[   270.156] (II) LoadModule: "modesetting"
[   270.157] (II) Loading /usr/lib/xorg/modules/drivers/modesetting_drv.so
[   270.163] (II) Module modesetting: vendor="X.Org Foundation"
[   270.163] 	compiled for 1.19.6, module version = 1.19.6
[   270.163] 	Module class: X.Org Video Driver
[   270.164] 	ABI class: X.Org Video Driver, version 23.0
[   270.164] (II) LoadModule: "fbdev"
[   270.164] (II) Loading /usr/lib/xorg/modules/drivers/fbdev_drv.so
[   270.294] (II) Module fbdev: vendor="X.Org Foundation"
[   270.294] 	compiled for 1.19.3, module version = 0.4.4
[   270.294] 	Module class: X.Org Video Driver
[   270.294] 	ABI class: X.Org Video Driver, version 23.0
[   270.294] (II) LoadModule: "vesa"
[   270.295] (II) Loading /usr/lib/xorg/modules/drivers/vesa_drv.so
[   270.299] (II) Module vesa: vendor="X.Org Foundation"
[   270.299] 	compiled for 1.19.3, module version = 2.3.4
[   270.299] 	Module class: X.Org Video Driver
[   270.299] 	ABI class: X.Org Video Driver, version 23.0
[   270.299] (II) modesetting: Driver for Modesetting Kernel Drivers: kms
[   270.299] (II) FBDEV: driver for framebuffer: fbdev
[   270.299] (II) VESA: driver for VESA chipsets: vesa
[   270.300] xf86EnableIOPorts: failed to set IOPL for I/O (Operation not permitted)
[   270.300] (II) modeset(0): using drv /dev/dri/card0
[   270.300] (WW) Falling back to old probe method for fbdev
[   270.300] (II) Loading sub module "fbdevhw"
[   270.300] (II) LoadModule: "fbdevhw"
[   270.300] (II) Loading /usr/lib/xorg/modules/libfbdevhw.so
[   270.338] (II) Module fbdevhw: vendor="X.Org Foundation"
[   270.338] 	compiled for 1.19.6, module version = 0.0.2
[   270.338] 	ABI class: X.Org Video Driver, version 23.0
[   270.338] (EE) open /dev/fb0: Permission denied
[   270.338] (WW) Falling back to old probe method for vesa
[   270.338] (WW) VGA arbiter: cannot open kernel arbiter, no multi-card support
[   270.338] (II) modeset(0): Creating default Display subsection in Screen section
	"Default Screen Section" for depth/fbbpp 24/32
[   270.338] (==) modeset(0): Depth 24, (==) framebuffer bpp 32
[   270.338] (==) modeset(0): RGB weight 888
[   270.338] (==) modeset(0): Default visual is TrueColor
[   270.338] (II) Loading sub module "glamoregl"
[   270.338] (II) LoadModule: "glamoregl"
[   270.339] (II) Loading /usr/lib/xorg/modules/libglamoregl.so
[   270.385] (II) Module glamoregl: vendor="X.Org Foundation"
[   270.385] 	compiled for 1.19.6, module version = 1.0.0
[   270.386] 	ABI class: X.Org ANSI C Emulation, version 0.4
[   270.386] (II) glamor: OpenGL accelerated X.org driver based.
[   270.427] (II) glamor: EGL version 1.4 (DRI2):
[   270.430] (II) modeset(0): glamor initialized
[   270.432] (II) modeset(0): Output eDP-1 has no monitor section
[   270.444] (II) modeset(0): Output HDMI-1 has no monitor section
[   270.444] (II) modeset(0): Output DP-1 has no monitor section
[   270.456] (II) modeset(0): Output HDMI-2 has no monitor section
[   270.457] (II) modeset(0): EDID for output eDP-1
[   270.457] (II) modeset(0): Manufacturer: AUO  Model: 71ec  Serial#: 0
[   270.457] (II) modeset(0): Year: 2015  Week: 1
[   270.457] (II) modeset(0): EDID Version: 1.4
[   270.457] (II) modeset(0): Digital Display Input
[   270.457] (II) modeset(0): 6 bits per channel
[   270.457] (II) modeset(0): Digital interface is DisplayPort
[   270.457] (II) modeset(0): Max Image Size [cm]: horiz.: 34  vert.: 19
[   270.457] (II) modeset(0): Gamma: 2.20
[   270.457] (II) modeset(0): No DPMS capabilities specified
[   270.457] (II) modeset(0): Supported color encodings: RGB 4:4:4 
[   270.457] (II) modeset(0): First detailed timing is preferred mode
[   270.457] (II) modeset(0): Preferred mode is native pixel format and refresh rate
[   270.457] (II) modeset(0): redX: 0.575 redY: 0.345   greenX: 0.340 greenY: 0.570
[   270.457] (II) modeset(0): blueX: 0.160 blueY: 0.135   whiteX: 0.313 whiteY: 0.329
[   270.457] (II) modeset(0): Manufacturer's mask: 0
[   270.457] (II) modeset(0): Supported detailed timing:
[   270.457] (II) modeset(0): clock: 76.3 MHz   Image Size:  344 x 193 mm
[   270.457] (II) modeset(0): h_active: 1366  h_sync: 1374  h_sync_end 1384 h_blank_end 1558 h_border: 0
[   270.457] (II) modeset(0): v_active: 768  v_sync: 771  v_sync_end 772 v_blanking: 816 v_border: 0
[   270.457] (II) modeset(0): Supported detailed timing:
[   270.457] (II) modeset(0): clock: 61.0 MHz   Image Size:  344 x 193 mm
[   270.457] (II) modeset(0): h_active: 1366  h_sync: 1374  h_sync_end 1384 h_blank_end 1558 h_border: 0
[   270.457] (II) modeset(0): v_active: 768  v_sync: 771  v_sync_end 772 v_blanking: 816 v_border: 0
[   270.457] (II) modeset(0):  8CFJ3€B156XTN
[   270.457] (II) modeset(0): Unknown vendor-specific block 0
[   270.457] (II) modeset(0): EDID (in hex):
[   270.457] (II) modeset(0): 	00ffffffffffff0006afec7100000000
[   270.457] (II) modeset(0): 	01190104952213780250259358579229
[   270.457] (II) modeset(0): 	22505400000001010101010101010101
[   270.457] (II) modeset(0): 	010101010101ce1d56c050003030080a
[   270.457] (II) modeset(0): 	310058c11000001ad81756c050003030
[   270.457] (II) modeset(0): 	080a310058c11000001a000000fe0038
[   270.457] (II) modeset(0): 	43464a33804231353658544e00000000
[   270.457] (II) modeset(0): 	00004121960111000009010a202000e5
[   270.457] (II) modeset(0): Printing probed modes for output eDP-1
[   270.457] (II) modeset(0): Modeline "1366x768"x60.0   76.30  1366 1374 1384 1558  768 771 772 816 +hsync -vsync (49.0 kHz eP)
[   270.457] (II) modeset(0): Modeline "1366x768"x48.0   61.04  1366 1374 1384 1558  768 771 772 816 +hsync -vsync (39.2 kHz e)
[   270.457] (II) modeset(0): Modeline "1360x768"x59.8   84.75  1360 1432 1568 1776  768 771 781 798 -hsync +vsync (47.7 kHz d)
[   270.457] (II) modeset(0): Modeline "1360x768"x60.0   72.00  1360 1408 1440 1520  768 771 781 790 +hsync -vsync (47.4 kHz d)
[   270.457] (II) modeset(0): Modeline "1280x720"x120.0  156.12  1280 1376 1512 1744  720 721 724 746 doublescan -hsync +vsync (89.5 kHz d)
[   270.457] (II) modeset(0): Modeline "1280x720"x120.0  120.75  1280 1304 1320 1360  720 721 724 740 doublescan +hsync -vsync (88.8 kHz d)
[   270.457] (II) modeset(0): Modeline "1280x720"x59.9   74.50  1280 1344 1472 1664  720 723 728 748 -hsync +vsync (44.8 kHz d)
[   270.458] (II) modeset(0): Modeline "1280x720"x59.7   63.75  1280 1328 1360 1440  720 723 728 741 +hsync -vsync (44.3 kHz d)
[   270.458] (II) modeset(0): Modeline "1024x768"x120.1  133.47  1024 1100 1212 1400  768 768 770 794 doublescan -hsync +vsync (95.3 kHz d)
[   270.458] (II) modeset(0): Modeline "1024x768"x60.0   65.00  1024 1048 1184 1344  768 771 777 806 -hsync -vsync (48.4 kHz d)
[   270.458] (II) modeset(0): Modeline "960x720"x120.0  117.00  960 1024 1128 1300  720 720 722 750 doublescan -hsync +vsync (90.0 kHz d)
[   270.458] (II) modeset(0): Modeline "928x696"x120.1  109.15  928 976 1088 1264  696 696 698 719 doublescan -hsync +vsync (86.4 kHz d)
[   270.458] (II) modeset(0): Modeline "896x672"x120.0  102.40  896 960 1060 1224  672 672 674 697 doublescan -hsync +vsync (83.7 kHz d)
[   270.458] (II) modeset(0): Modeline "1024x576"x119.9   98.50  1024 1092 1200 1376  576 577 580 597 doublescan -hsync +vsync (71.6 kHz d)
[   270.458] (II) modeset(0): Modeline "1024x576"x119.9   78.38  1024 1048 1064 1104  576 577 580 592 doublescan +hsync -vsync (71.0 kHz d)
[   270.458] (II) modeset(0): Modeline "1024x576"x59.9   46.50  1024 1064 1160 1296  576 579 584 599 -hsync +vsync (35.9 kHz d)
[   270.458] (II) modeset(0): Modeline "1024x576"x59.8   42.00  1024 1072 1104 1184  576 579 584 593 +hsync -vsync (35.5 kHz d)
[   270.458] (II) modeset(0): Modeline "960x600"x119.9   96.62  960 1028 1128 1296  600 601 604 622 doublescan -hsync +vsync (74.6 kHz d)
[   270.458] (II) modeset(0): Modeline "960x600"x120.0   77.00  960 984 1000 1040  600 601 604 617 doublescan +hsync -vsync (74.0 kHz d)
[   270.458] (II) modeset(0): Modeline "960x540"x119.9   86.50  960 1024 1124 1288  540 541 544 560 doublescan -hsync +vsync (67.2 kHz d)
[   270.458] (II) modeset(0): Modeline "960x540"x120.0   69.25  960 984 1000 1040  540 541 544 555 doublescan +hsync -vsync (66.6 kHz d)
[   270.458] (II) modeset(0): Modeline "960x540"x59.6   40.75  960 992 1088 1216  540 543 548 562 -hsync +vsync (33.5 kHz d)
[   270.458] (II) modeset(0): Modeline "960x540"x59.8   37.25  960 1008 1040 1120  540 543 548 556 +hsync -vsync (33.3 kHz d)
[   270.458] (II) modeset(0): Modeline "800x600"x120.0   81.00  800 832 928 1080  600 600 602 625 doublescan +hsync +vsync (75.0 kHz d)
[   270.458] (II) modeset(0): Modeline "800x600"x60.3   40.00  800 840 968 1056  600 601 605 628 +hsync +vsync (37.9 kHz d)
[   270.458] (II) modeset(0): Modeline "800x600"x56.2   36.00  800 824 896 1024  600 601 603 625 +hsync +vsync (35.2 kHz d)
[   270.458] (II) modeset(0): Modeline "840x525"x120.0   73.12  840 892 980 1120  525 526 529 544 doublescan -hsync +vsync (65.3 kHz d)
[   270.458] (II) modeset(0): Modeline "840x525"x119.8   59.50  840 864 880 920  525 526 529 540 doublescan +hsync -vsync (64.7 kHz d)
[   270.458] (II) modeset(0): Modeline "864x486"x59.9   32.50  864 888 968 1072  486 489 494 506 -hsync +vsync (30.3 kHz d)
[   270.458] (II) modeset(0): Modeline "864x486"x59.6   30.50  864 912 944 1024  486 489 494 500 +hsync -vsync (29.8 kHz d)
[   270.458] (II) modeset(0): Modeline "800x512"x120.3   51.56  800 800 828 832  512 512 514 515 doublescan +hsync +vsync (62.0 kHz d)
[   270.458] (II) modeset(0): Modeline "700x525"x120.0   61.00  700 744 820 940  525 526 532 541 doublescan +hsync +vsync (64.9 kHz d)
[   270.458] (II) modeset(0): Modeline "800x450"x119.9   59.12  800 848 928 1056  450 451 454 467 doublescan -hsync +vsync (56.0 kHz d)
[   270.458] (II) modeset(0): Modeline "800x450"x119.6   48.75  800 824 840 880  450 451 454 463 doublescan +hsync -vsync (55.4 kHz d)
[   270.458] (II) modeset(0): Modeline "640x512"x120.0   54.00  640 664 720 844  512 512 514 533 doublescan +hsync +vsync (64.0 kHz d)
[   270.458] (II) modeset(0): Modeline "720x450"x119.8   53.25  720 760 836 952  450 451 454 467 doublescan -hsync +vsync (55.9 kHz d)
[   270.458] (II) modeset(0): Modeline "700x450"x119.9   51.75  700 740 812 924  450 451 456 467 doublescan -hsync +vsync (56.0 kHz d)
[   270.458] (II) modeset(0): Modeline "700x450"x119.8   43.25  700 724 740 780  450 451 456 463 doublescan +hsync -vsync (55.4 kHz d)
[   270.458] (II) modeset(0): Modeline "640x480"x120.0   54.00  640 688 744 900  480 480 482 500 doublescan +hsync +vsync (60.0 kHz d)
[   270.458] (II) modeset(0): Modeline "640x480"x59.9   25.18  640 656 752 800  480 490 492 525 -hsync -vsync (31.5 kHz d)
[   270.458] (II) modeset(0): Modeline "720x405"x59.5   22.50  720 744 808 896  405 408 413 422 -hsync +vsync (25.1 kHz d)
[   270.458] (II) modeset(0): Modeline "720x405"x59.0   21.75  720 768 800 880  405 408 413 419 +hsync -vsync (24.7 kHz d)
[   270.458] (II) modeset(0): Modeline "684x384"x119.8   42.62  684 720 788 892  384 385 390 399 doublescan -hsync +vsync (47.8 kHz d)
[   270.458] (II) modeset(0): Modeline "684x384"x119.7   36.12  684 708 724 764  384 385 390 395 doublescan +hsync -vsync (47.3 kHz d)
[   270.458] (II) modeset(0): Modeline "680x384"x119.6   42.38  680 716 784 888  384 385 390 399 doublescan -hsync +vsync (47.7 kHz d)
[   270.458] (II) modeset(0): Modeline "680x384"x119.9   36.00  680 704 720 760  384 385 390 395 doublescan +hsync -vsync (47.4 kHz d)
[   270.458] (II) modeset(0): Modeline "640x400"x119.8   41.75  640 676 740 840  400 401 404 415 doublescan -hsync +vsync (49.7 kHz d)
[   270.458] (II) modeset(0): Modeline "640x400"x120.0   35.50  640 664 680 720  400 401 404 411 doublescan +hsync -vsync (49.3 kHz d)
[   270.458] (II) modeset(0): Modeline "576x432"x120.1   40.81  576 608 668 760  432 432 434 447 doublescan -hsync +vsync (53.7 kHz d)
[   270.458] (II) modeset(0): Modeline "640x360"x119.7   37.25  640 672 736 832  360 361 364 374 doublescan -hsync +vsync (44.8 kHz d)
[   270.458] (II) modeset(0): Modeline "640x360"x119.7   31.88  640 664 680 720  360 361 364 370 doublescan +hsync -vsync (44.3 kHz d)
[   270.458] (II) modeset(0): Modeline "640x360"x59.8   18.00  640 664 720 800  360 363 368 376 -hsync +vsync (22.5 kHz d)
[   270.458] (II) modeset(0): Modeline "640x360"x59.3   17.75  640 688 720 800  360 363 368 374 +hsync -vsync (22.2 kHz d)
[   270.458] (II) modeset(0): Modeline "512x384"x120.0   32.50  512 524 592 672  384 385 388 403 doublescan -hsync -vsync (48.4 kHz d)
[   270.458] (II) modeset(0): Modeline "512x288"x120.0   23.25  512 532 580 648  288 289 292 299 doublescan -hsync +vsync (35.9 kHz d)
[   270.458] (II) modeset(0): Modeline "512x288"x119.8   21.00  512 536 552 592  288 289 292 296 doublescan +hsync -vsync (35.5 kHz d)
[   270.458] (II) modeset(0): Modeline "480x270"x119.3   20.38  480 496 544 608  270 271 274 281 doublescan -hsync +vsync (33.5 kHz d)
[   270.458] (II) modeset(0): Modeline "480x270"x119.6   18.62  480 504 520 560  270 271 274 278 doublescan +hsync -vsync (33.3 kHz d)
[   270.458] (II) modeset(0): Modeline "400x300"x120.6   20.00  400 420 484 528  300 300 302 314 doublescan +hsync +vsync (37.9 kHz d)
[   270.458] (II) modeset(0): Modeline "400x300"x112.7   18.00  400 412 448 512  300 300 301 312 doublescan +hsync +vsync (35.2 kHz d)
[   270.458] (II) modeset(0): Modeline "432x243"x119.8   16.25  432 444 484 536  243 244 247 253 doublescan -hsync +vsync (30.3 kHz d)
[   270.458] (II) modeset(0): Modeline "432x243"x119.1   15.25  432 456 472 512  243 244 247 250 doublescan +hsync -vsync (29.8 kHz d)
[   270.458] (II) modeset(0): Modeline "320x240"x120.1   12.59  320 328 376 400  240 245 246 262 doublescan -hsync -vsync (31.5 kHz d)
[   270.458] (II) modeset(0): Modeline "360x202"x119.0   11.25  360 372 404 448  202 204 206 211 doublescan -hsync +vsync (25.1 kHz d)
[   270.458] (II) modeset(0): Modeline "360x202"x118.3   10.88  360 384 400 440  202 204 206 209 doublescan +hsync -vsync (24.7 kHz d)
[   270.458] (II) modeset(0): Modeline "320x180"x119.7    9.00  320 332 360 400  180 181 184 188 doublescan -hsync +vsync (22.5 kHz d)
[   270.458] (II) modeset(0): Modeline "320x180"x118.6    8.88  320 344 360 400  180 181 184 187 doublescan +hsync -vsync (22.2 kHz d)
[   270.471] (II) modeset(0): EDID for output HDMI-1
[   270.471] (II) modeset(0): EDID for output DP-1
[   270.484] (II) modeset(0): EDID for output HDMI-2
[   270.484] (II) modeset(0): Output eDP-1 connected
[   270.484] (II) modeset(0): Output HDMI-1 disconnected
[   270.484] (II) modeset(0): Output DP-1 disconnected
[   270.484] (II) modeset(0): Output HDMI-2 disconnected
[   270.484] (II) modeset(0): Using exact sizes for initial modes
[   270.484] (II) modeset(0): Output eDP-1 using initial mode 1366x768 +0+0
[   270.484] (==) modeset(0): Using gamma correction (1.0, 1.0, 1.0)
[   270.484] (==) modeset(0): DPI set to (96, 96)
[   270.484] (II) Loading sub module "fb"
[   270.484] (II) LoadModule: "fb"
[   270.484] (II) Loading /usr/lib/xorg/modules/libfb.so
[   270.517] (II) Module fb: vendor="X.Org Foundation"
[   270.518] 	compiled for 1.19.6, module version = 1.0.0
[   270.518] 	ABI class: X.Org ANSI C Emulation, version 0.4
[   270.518] (II) UnloadModule: "fbdev"
[   270.518] (II) Unloading fbdev
[   270.518] (II) UnloadSubModule: "fbdevhw"
[   270.518] (II) Unloading fbdevhw
[   270.518] (II) UnloadModule: "vesa"
[   270.518] (II) Unloading vesa
[   270.518] (==) Depth 24 pixmap format is 32 bpp
[   270.894] (==) modeset(0): Backing store enabled
[   270.894] (==) modeset(0): Silken mouse enabled
[   270.905] (II) modeset(0): RandR 1.2 enabled, ignore the following RandR disabled message.
[   270.978] (==) modeset(0): DPMS enabled
[   270.978] (II) modeset(0): [DRI2] Setup complete
[   270.978] (II) modeset(0): [DRI2]   DRI driver: i965
[   270.978] (II) modeset(0): [DRI2]   VDPAU driver: i965
[   270.978] (--) RandR disabled
[   270.995] (II) SELinux: Disabled on system
[   271.032] (II) AIGLX: enabled GLX_MESA_copy_sub_buffer
[   271.032] (II) AIGLX: enabled GLX_ARB_create_context
[   271.032] (II) AIGLX: enabled GLX_ARB_create_context_profile
[   271.032] (II) AIGLX: enabled GLX_EXT_create_context_es{,2}_profile
[   271.032] (II) AIGLX: enabled GLX_INTEL_swap_event
[   271.032] (II) AIGLX: enabled GLX_SGI_swap_control
[   271.032] (II) AIGLX: enabled GLX_EXT_framebuffer_sRGB
[   271.032] (II) AIGLX: enabled GLX_ARB_fbconfig_float
[   271.032] (II) AIGLX: enabled GLX_EXT_fbconfig_packed_float
[   271.032] (II) AIGLX: GLX_EXT_texture_from_pixmap backed by buffer objects
[   271.032] (II) AIGLX: enabled GLX_ARB_create_context_robustness
[   271.034] (II) AIGLX: Loaded and initialized i965
[   271.034] (II) GLX: Initialized DRI2 GL provider for screen 0
[   271.040] (II) modeset(0): Damage tracking initialized
[   271.040] (II) modeset(0): Setting screen physical size to 361 x 203
[   271.151] (II) config/udev: Adding input device Power Button (/dev/input/event3)
[   271.151] (**) Power Button: Applying InputClass "libinput keyboard catchall"
[   271.151] (II) LoadModule: "libinput"
[   271.151] (II) Loading /usr/lib/xorg/modules/input/libinput_drv.so
[   271.166] (II) Module libinput: vendor="X.Org Foundation"
[   271.166] 	compiled for 1.19.6, module version = 0.27.1
[   271.166] 	Module class: X.Org XInput Driver
[   271.166] 	ABI class: X.Org XInput driver, version 24.1
[   271.166] (II) Using input driver 'libinput' for 'Power Button'
[   271.167] (II) systemd-logind: got fd for /dev/input/event3 13:67 fd 21 paused 0
[   271.167] (**) Power Button: always reports core events
[   271.167] (**) Option "Device" "/dev/input/event3"
[   271.167] (**) Option "_source" "server/udev"
[   271.167] (II) event3  - Power Button: is tagged by udev as: Keyboard
[   271.167] (II) event3  - Power Button: device is a keyboard
[   271.167] (II) event3  - Power Button: device removed
[   271.167] (**) Option "config_info" "udev:/sys/devices/LNXSYSTM:00/LNXPWRBN:00/input/input3/event3"
[   271.167] (II) XINPUT: Adding extended input device "Power Button" (type: KEYBOARD, id 6)
[   271.167] (**) Option "xkb_model" "pc105"
[   271.167] (**) Option "xkb_layout" "us"
[   271.168] (II) event3  - Power Button: is tagged by udev as: Keyboard
[   271.168] (II) event3  - Power Button: device is a keyboard
[   271.169] (II) config/udev: Adding input device Video Bus (/dev/input/event8)
[   271.169] (**) Video Bus: Applying InputClass "libinput keyboard catchall"
[   271.169] (II) Using input driver 'libinput' for 'Video Bus'
[   271.169] (II) systemd-logind: got fd for /dev/input/event8 13:72 fd 24 paused 0
[   271.169] (**) Video Bus: always reports core events
[   271.169] (**) Option "Device" "/dev/input/event8"
[   271.169] (**) Option "_source" "server/udev"
[   271.170] (II) event8  - Video Bus: is tagged by udev as: Keyboard
[   271.170] (II) event8  - Video Bus: device is a keyboard
[   271.170] (II) event8  - Video Bus: device removed
[   271.170] (**) Option "config_info" "udev:/sys/devices/LNXSYSTM:00/LNXSYBUS:00/PNP0A08:00/LNXVIDEO:00/input/input9/event8"
[   271.170] (II) XINPUT: Adding extended input device "Video Bus" (type: KEYBOARD, id 7)
[   271.170] (**) Option "xkb_model" "pc105"
[   271.170] (**) Option "xkb_layout" "us"
[   271.170] (II) event8  - Video Bus: is tagged by udev as: Keyboard
[   271.170] (II) event8  - Video Bus: device is a keyboard
[   271.171] (II) config/udev: Adding input device Power Button (/dev/input/event1)
[   271.171] (**) Power Button: Applying InputClass "libinput keyboard catchall"
[   271.171] (II) Using input driver 'libinput' for 'Power Button'
[   271.172] (II) systemd-logind: got fd for /dev/input/event1 13:65 fd 25 paused 0
[   271.172] (**) Power Button: always reports core events
[   271.172] (**) Option "Device" "/dev/input/event1"
[   271.172] (**) Option "_source" "server/udev"
[   271.172] (II) event1  - Power Button: is tagged by udev as: Keyboard
[   271.172] (II) event1  - Power Button: device is a keyboard
[   271.172] (II) event1  - Power Button: device removed
[   271.173] (**) Option "config_info" "udev:/sys/devices/LNXSYSTM:00/LNXSYBUS:00/PNP0C0C:00/input/input1/event1"
[   271.173] (II) XINPUT: Adding extended input device "Power Button" (type: KEYBOARD, id 8)
[   271.173] (**) Option "xkb_model" "pc105"
[   271.173] (**) Option "xkb_layout" "us"
[   271.173] (II) event1  - Power Button: is tagged by udev as: Keyboard
[   271.173] (II) event1  - Power Button: device is a keyboard
[   271.174] (II) config/udev: Adding input device Lid Switch (/dev/input/event0)
[   271.174] (II) No input driver specified, ignoring this device.
[   271.174] (II) This device may have been added with another device file.
[   271.174] (II) config/udev: Adding input device Sleep Button (/dev/input/event2)
[   271.174] (**) Sleep Button: Applying InputClass "libinput keyboard catchall"
[   271.174] (II) Using input driver 'libinput' for 'Sleep Button'
[   271.174] (II) systemd-logind: got fd for /dev/input/event2 13:66 fd 26 paused 0
[   271.175] (**) Sleep Button: always reports core events
[   271.175] (**) Option "Device" "/dev/input/event2"
[   271.175] (**) Option "_source" "server/udev"
[   271.175] (II) event2  - Sleep Button: is tagged by udev as: Keyboard
[   271.175] (II) event2  - Sleep Button: device is a keyboard
[   271.175] (II) event2  - Sleep Button: device removed
[   271.175] (**) Option "config_info" "udev:/sys/devices/LNXSYSTM:00/LNXSYBUS:00/PNP0C0E:00/input/input2/event2"
[   271.175] (II) XINPUT: Adding extended input device "Sleep Button" (type: KEYBOARD, id 9)
[   271.175] (**) Option "xkb_model" "pc105"
[   271.175] (**) Option "xkb_layout" "us"
[   271.175] (II) event2  - Sleep Button: is tagged by udev as: Keyboard
[   271.175] (II) event2  - Sleep Button: device is a keyboard
[   271.176] (II) config/udev: Adding input device Integrated_Webcam_HD: Integrate (/dev/input/event10)
[   271.176] (**) Integrated_Webcam_HD: Integrate: Applying InputClass "libinput keyboard catchall"
[   271.176] (II) Using input driver 'libinput' for 'Integrated_Webcam_HD: Integrate'
[   271.177] (II) systemd-logind: got fd for /dev/input/event10 13:74 fd 27 paused 0
[   271.177] (**) Integrated_Webcam_HD: Integrate: always reports core events
[   271.177] (**) Option "Device" "/dev/input/event10"
[   271.177] (**) Option "_source" "server/udev"
[   271.177] (II) event10 - Integrated_Webcam_HD: Integrate: is tagged by udev as: Keyboard
[   271.177] (II) event10 - Integrated_Webcam_HD: Integrate: device is a keyboard
[   271.177] (II) event10 - Integrated_Webcam_HD: Integrate: device removed
[   271.177] (**) Option "config_info" "udev:/sys/devices/pci0000:00/0000:00:14.0/usb1/1-2/1-2:1.0/input/input11/event10"
[   271.177] (II) XINPUT: Adding extended input device "Integrated_Webcam_HD: Integrate" (type: KEYBOARD, id 10)
[   271.177] (**) Option "xkb_model" "pc105"
[   271.177] (**) Option "xkb_layout" "us"
[   271.178] (II) event10 - Integrated_Webcam_HD: Integrate: is tagged by udev as: Keyboard
[   271.178] (II) event10 - Integrated_Webcam_HD: Integrate: device is a keyboard
[   271.178] (II) config/udev: Adding input device HDA Intel PCH Headphone Mic (/dev/input/event11)
[   271.178] (II) No input driver specified, ignoring this device.
[   271.178] (II) This device may have been added with another device file.
[   271.179] (II) config/udev: Adding input device HDA Intel PCH Dock Mic (/dev/input/event12)
[   271.179] (II) No input driver specified, ignoring this device.
[   271.179] (II) This device may have been added with another device file.
[   271.179] (II) config/udev: Adding input device HDA Intel PCH Dock Line Out (/dev/input/event13)
[   271.179] (II) No input driver specified, ignoring this device.
[   271.179] (II) This device may have been added with another device file.
[   271.180] (II) config/udev: Adding input device HDA Intel PCH HDMI/DP,pcm=3 (/dev/input/event14)
[   271.180] (II) No input driver specified, ignoring this device.
[   271.180] (II) This device may have been added with another device file.
[   271.180] (II) config/udev: Adding input device HDA Intel PCH HDMI/DP,pcm=7 (/dev/input/event15)
[   271.180] (II) No input driver specified, ignoring this device.
[   271.180] (II) This device may have been added with another device file.
[   271.180] (II) config/udev: Adding input device HDA Intel PCH HDMI/DP,pcm=8 (/dev/input/event16)
[   271.180] (II) No input driver specified, ignoring this device.
[   271.180] (II) This device may have been added with another device file.
[   271.181] (II) config/udev: Adding input device HDA Intel PCH HDMI/DP,pcm=9 (/dev/input/event17)
[   271.181] (II) No input driver specified, ignoring this device.
[   271.181] (II) This device may have been added with another device file.
[   271.181] (II) config/udev: Adding input device HDA Intel PCH HDMI/DP,pcm=10 (/dev/input/event18)
[   271.181] (II) No input driver specified, ignoring this device.
[   271.181] (II) This device may have been added with another device file.
[   271.182] (II) config/udev: Adding input device Dell WMI hotkeys (/dev/input/event9)
[   271.182] (**) Dell WMI hotkeys: Applying InputClass "libinput keyboard catchall"
[   271.182] (II) Using input driver 'libinput' for 'Dell WMI hotkeys'
[   271.182] (II) systemd-logind: got fd for /dev/input/event9 13:73 fd 28 paused 0
[   271.182] (**) Dell WMI hotkeys: always reports core events
[   271.182] (**) Option "Device" "/dev/input/event9"
[   271.182] (**) Option "_source" "server/udev"
[   271.183] (II) event9  - Dell WMI hotkeys: is tagged by udev as: Keyboard
[   271.183] (II) event9  - Dell WMI hotkeys: device is a keyboard
[   271.183] (II) event9  - Dell WMI hotkeys: device removed
[   271.183] (**) Option "config_info" "udev:/sys/devices/platform/PNP0C14:01/wmi_bus/wmi_bus-PNP0C14:01/9DBB5994-A997-11DA-B012-B622A1EF5492/input/input10/event9"
[   271.183] (II) XINPUT: Adding extended input device "Dell WMI hotkeys" (type: KEYBOARD, id 11)
[   271.183] (**) Option "xkb_model" "pc105"
[   271.183] (**) Option "xkb_layout" "us"
[   271.183] (II) event9  - Dell WMI hotkeys: is tagged by udev as: Keyboard
[   271.183] (II) event9  - Dell WMI hotkeys: device is a keyboard
[   271.184] (II) config/udev: Adding input device AT Translated Set 2 keyboard (/dev/input/event4)
[   271.184] (**) AT Translated Set 2 keyboard: Applying InputClass "libinput keyboard catchall"
[   271.184] (II) Using input driver 'libinput' for 'AT Translated Set 2 keyboard'
[   271.185] (II) systemd-logind: got fd for /dev/input/event4 13:68 fd 29 paused 0
[   271.185] (**) AT Translated Set 2 keyboard: always reports core events
[   271.185] (**) Option "Device" "/dev/input/event4"
[   271.185] (**) Option "_source" "server/udev"
[   271.185] (II) event4  - AT Translated Set 2 keyboard: is tagged by udev as: Keyboard
[   271.185] (II) event4  - AT Translated Set 2 keyboard: device is a keyboard
[   271.185] (II) event4  - AT Translated Set 2 keyboard: device removed
[   271.185] (**) Option "config_info" "udev:/sys/devices/platform/i8042/serio0/input/input4/event4"
[   271.185] (II) XINPUT: Adding extended input device "AT Translated Set 2 keyboard" (type: KEYBOARD, id 12)
[   271.185] (**) Option "xkb_model" "pc105"
[   271.185] (**) Option "xkb_layout" "us"
[   271.186] (II) event4  - AT Translated Set 2 keyboard: is tagged by udev as: Keyboard
[   271.186] (II) event4  - AT Translated Set 2 keyboard: device is a keyboard
[   271.186] (II) config/udev: Adding input device AlpsPS/2 ALPS DualPoint TouchPad (/dev/input/event6)
[   271.186] (**) AlpsPS/2 ALPS DualPoint TouchPad: Applying InputClass "libinput touchpad catchall"
[   271.186] (II) Using input driver 'libinput' for 'AlpsPS/2 ALPS DualPoint TouchPad'
[   271.187] (II) systemd-logind: got fd for /dev/input/event6 13:70 fd 30 paused 0
[   271.187] (**) AlpsPS/2 ALPS DualPoint TouchPad: always reports core events
[   271.187] (**) Option "Device" "/dev/input/event6"
[   271.187] (**) Option "_source" "server/udev"
[   271.187] (II) event6  - AlpsPS/2 ALPS DualPoint TouchPad: is tagged by udev as: Touchpad
[   271.187] (II) event6  - AlpsPS/2 ALPS DualPoint TouchPad: device is a touchpad
[   271.187] (II) event6  - AlpsPS/2 ALPS DualPoint TouchPad: device removed
[   271.187] (**) Option "config_info" "udev:/sys/devices/platform/i8042/serio1/input/input6/event6"
[   271.187] (II) XINPUT: Adding extended input device "AlpsPS/2 ALPS DualPoint TouchPad" (type: TOUCHPAD, id 13)
[   271.187] (**) Option "AccelerationScheme" "none"
[   271.187] (**) AlpsPS/2 ALPS DualPoint TouchPad: (accel) selected scheme none/0
[   271.187] (**) AlpsPS/2 ALPS DualPoint TouchPad: (accel) acceleration factor: 2.000
[   271.187] (**) AlpsPS/2 ALPS DualPoint TouchPad: (accel) acceleration threshold: 4
[   271.188] (II) event6  - AlpsPS/2 ALPS DualPoint TouchPad: is tagged by udev as: Touchpad
[   271.188] (II) event6  - AlpsPS/2 ALPS DualPoint TouchPad: device is a touchpad
[   271.188] (II) config/udev: Adding input device AlpsPS/2 ALPS DualPoint TouchPad (/dev/input/mouse1)
[   271.188] (II) No input driver specified, ignoring this device.
[   271.188] (II) This device may have been added with another device file.
[   271.188] (II) config/udev: Adding input device AlpsPS/2 ALPS DualPoint Stick (/dev/input/event5)
[   271.188] (**) AlpsPS/2 ALPS DualPoint Stick: Applying InputClass "libinput pointer catchall"
[   271.188] (II) Using input driver 'libinput' for 'AlpsPS/2 ALPS DualPoint Stick'
[   271.189] (II) systemd-logind: got fd for /dev/input/event5 13:69 fd 31 paused 0
[   271.189] (**) AlpsPS/2 ALPS DualPoint Stick: always reports core events
[   271.189] (**) Option "Device" "/dev/input/event5"
[   271.189] (**) Option "_source" "server/udev"
[   271.190] (II) event5  - AlpsPS/2 ALPS DualPoint Stick: is tagged by udev as: Mouse Pointingstick
[   271.190] (II) event5  - AlpsPS/2 ALPS DualPoint Stick: trackpoint device set to range 20
[   271.190] (II) event5  - AlpsPS/2 ALPS DualPoint Stick: device is a pointer
[   271.190] (II) event5  - AlpsPS/2 ALPS DualPoint Stick: device removed
[   271.190] (**) Option "config_info" "udev:/sys/devices/platform/i8042/serio1/input/input7/event5"
[   271.190] (II) XINPUT: Adding extended input device "AlpsPS/2 ALPS DualPoint Stick" (type: MOUSE, id 14)
[   271.190] (**) Option "AccelerationScheme" "none"
[   271.190] (**) AlpsPS/2 ALPS DualPoint Stick: (accel) selected scheme none/0
[   271.190] (**) AlpsPS/2 ALPS DualPoint Stick: (accel) acceleration factor: 2.000
[   271.190] (**) AlpsPS/2 ALPS DualPoint Stick: (accel) acceleration threshold: 4
[   271.190] (II) event5  - AlpsPS/2 ALPS DualPoint Stick: is tagged by udev as: Mouse Pointingstick
[   271.190] (II) event5  - AlpsPS/2 ALPS DualPoint Stick: trackpoint device set to range 20
[   271.190] (II) event5  - AlpsPS/2 ALPS DualPoint Stick: device is a pointer
[   271.191] (II) config/udev: Adding input device AlpsPS/2 ALPS DualPoint Stick (/dev/input/mouse0)
[   271.191] (II) No input driver specified, ignoring this device.
[   271.191] (II) This device may have been added with another device file.
[   271.193] (II) config/udev: Adding input device DELL Wireless hotkeys (/dev/input/event7)
[   271.193] (**) DELL Wireless hotkeys: Applying InputClass "libinput keyboard catchall"
[   271.193] (II) Using input driver 'libinput' for 'DELL Wireless hotkeys'
[   271.194] (II) systemd-logind: got fd for /dev/input/event7 13:71 fd 32 paused 0
[   271.194] (**) DELL Wireless hotkeys: always reports core events
[   271.194] (**) Option "Device" "/dev/input/event7"
[   271.194] (**) Option "_source" "server/udev"
[   271.194] (II) event7  - DELL Wireless hotkeys: is tagged by udev as: Keyboard
[   271.194] (II) event7  - DELL Wireless hotkeys: device is a keyboard
[   271.194] (II) event7  - DELL Wireless hotkeys: device removed
[   271.194] (**) Option "config_info" "udev:/sys/devices/virtual/input/input8/event7"
[   271.194] (II) XINPUT: Adding extended input device "DELL Wireless hotkeys" (type: KEYBOARD, id 15)
[   271.194] (**) Option "xkb_model" "pc105"
[   271.194] (**) Option "xkb_layout" "us"
[   271.195] (II) event7  - DELL Wireless hotkeys: is tagged by udev as: Keyboard
[   271.195] (II) event7  - DELL Wireless hotkeys: device is a keyboard
[   273.279] (II) modeset(0): EDID vendor "AUO", prod id 29164
[   273.279] (II) modeset(0): Printing DDC gathered Modelines:
[   273.279] (II) modeset(0): Modeline "1366x768"x0.0   76.30  1366 1374 1384 1558  768 771 772 816 +hsync -vsync (49.0 kHz eP)
[   273.279] (II) modeset(0): Modeline "1366x768"x0.0   61.04  1366 1374 1384 1558  768 771 772 816 +hsync -vsync (39.2 kHz e)
[  7788.391] (EE) event6  - AlpsPS/2 ALPS DualPoint TouchPad: kernel bug: Touch jump detected and discarded.
See https://wayland.freedesktop.org/libinput/doc/1.10.4/touchpad_jumping_cursor.html for details
